<?xml version="1.0" encoding="UTF-8"?>
<robot generator="Robot 5.0.1 (Python 3.10.5 on win32)" generated="20220616 21:26:31.046" rpa="false" schemaversion="3">
<suite id="s1" name="Checkbox" source="D:\DemoRobotRF\checkbox.robot">
<test id="s1-t1" name="I Click &quot;Notes&quot; in checkbox" line="11">
<kw name="Open Browser" library="SeleniumLibrary" type="SETUP">
<arg>${base_url}</arg>
<arg>${browser_type}</arg>
<doc>Opens a new browser instance to the optional ``url``.</doc>
<msg timestamp="20220616 21:26:31.275" level="INFO">Opening browser 'Chrome' to base url 'https://demoqa.com/checkbox'.</msg>
<status status="PASS" starttime="20220616 21:26:31.275" endtime="20220616 21:26:38.599"/>
</kw>
<kw name="Maximize Browser Window" library="SeleniumLibrary">
<doc>Maximizes current browser window.</doc>
<status status="PASS" starttime="20220616 21:26:38.600" endtime="20220616 21:26:38.751"/>
</kw>
<kw name="Click Element" library="SeleniumLibrary">
<arg>(//button[@aria-label="Toggle"])[1]</arg>
<doc>Click the element identified by ``locator``.</doc>
<msg timestamp="20220616 21:26:38.753" level="INFO">Clicking element '(//button[@aria-label="Toggle"])[1]'.</msg>
<status status="PASS" starttime="20220616 21:26:38.752" endtime="20220616 21:26:38.820"/>
</kw>
<kw name="Sleep" library="BuiltIn">
<arg>1s</arg>
<doc>Pauses the test executed for the given time.</doc>
<msg timestamp="20220616 21:26:39.834" level="INFO">Slept 1 second</msg>
<status status="PASS" starttime="20220616 21:26:38.821" endtime="20220616 21:26:39.834"/>
</kw>
<kw name="Click Element" library="SeleniumLibrary">
<arg>(//button[@aria-label="Toggle"])[2]</arg>
<doc>Click the element identified by ``locator``.</doc>
<msg timestamp="20220616 21:26:39.836" level="INFO">Clicking element '(//button[@aria-label="Toggle"])[2]'.</msg>
<status status="PASS" starttime="20220616 21:26:39.835" endtime="20220616 21:26:39.892"/>
</kw>
<kw name="Sleep" library="BuiltIn">
<arg>1s</arg>
<doc>Pauses the test executed for the given time.</doc>
<msg timestamp="20220616 21:26:40.893" level="INFO">Slept 1 second</msg>
<status status="PASS" starttime="20220616 21:26:39.893" endtime="20220616 21:26:40.893"/>
</kw>
<kw name="Click Element" library="SeleniumLibrary">
<arg>//label[@for="tree-node-notes"]</arg>
<doc>Click the element identified by ``locator``.</doc>
<msg timestamp="20220616 21:26:40.894" level="INFO">Clicking element '//label[@for="tree-node-notes"]'.</msg>
<status status="PASS" starttime="20220616 21:26:40.894" endtime="20220616 21:26:40.951"/>
</kw>
<kw name="Sleep" library="BuiltIn">
<arg>1s</arg>
<doc>Pauses the test executed for the given time.</doc>
<msg timestamp="20220616 21:26:41.965" level="INFO">Slept 1 second</msg>
<status status="PASS" starttime="20220616 21:26:40.952" endtime="20220616 21:26:41.965"/>
</kw>
<kw name="Element Should Be Visible" library="SeleniumLibrary">
<arg>//div[@id="result"]</arg>
<doc>Verifies that the element identified by ``locator`` is visible.</doc>
<msg timestamp="20220616 21:26:42.005" level="INFO">Element '//div[@id="result"]' is displayed.</msg>
<status status="PASS" starttime="20220616 21:26:41.966" endtime="20220616 21:26:42.005"/>
</kw>
<kw name="Sleep" library="BuiltIn">
<arg>1s</arg>
<doc>Pauses the test executed for the given time.</doc>
<msg timestamp="20220616 21:26:43.020" level="INFO">Slept 1 second</msg>
<status status="PASS" starttime="20220616 21:26:42.007" endtime="20220616 21:26:43.020"/>
</kw>
<kw name="Element Should Contain" library="SeleniumLibrary">
<arg>//span[@class="text-success"]</arg>
<arg>notes</arg>
<doc>Verifies that element ``locator`` contains text ``expected``.</doc>
<msg timestamp="20220616 21:26:43.066" level="INFO">Element '//span[@class="text-success"]' contains text 'notes'.</msg>
<status status="PASS" starttime="20220616 21:26:43.021" endtime="20220616 21:26:43.067"/>
</kw>
<kw name="Sleep" library="BuiltIn">
<arg>1s</arg>
<doc>Pauses the test executed for the given time.</doc>
<msg timestamp="20220616 21:26:44.073" level="INFO">Slept 1 second</msg>
<status status="PASS" starttime="20220616 21:26:43.068" endtime="20220616 21:26:44.073"/>
</kw>
<kw name="Close Browser" library="SeleniumLibrary" type="TEARDOWN">
<doc>Closes the current browser.</doc>
<status status="PASS" starttime="20220616 21:26:44.074" endtime="20220616 21:26:46.302"/>
</kw>
<status status="PASS" starttime="20220616 21:26:31.274" endtime="20220616 21:26:46.303"/>
</test>
<status status="PASS" starttime="20220616 21:26:31.048" endtime="20220616 21:26:46.306"/>
</suite>
<statistics>
<total>
<stat pass="1" fail="0" skip="0">All Tests</stat>
</total>
<tag>
</tag>
<suite>
<stat pass="1" fail="0" skip="0" id="s1" name="Checkbox">Checkbox</stat>
</suite>
</statistics>
<errors>
</errors>
</robot>
